<?xml version="1.0" encoding="UTF-8"?>
<!-- Generated by org.testng.reporters.JUnitXMLReporter -->
<testsuite ignored="0" hostname="Subhasish" failures="0" tests="13" name="LoginAndSearchTest_Chrome" time="61.134" errors="0" timestamp="2025-09-04T23:07:58 IST">
  <testcase classname="tests.LoginTest" name="invalidLoginTest" time="4.029"/>
  <testcase classname="tests.LoginTest" name="verifyLoginTest" time="3.423"/>
  <testcase classname="tests.LoginTest" name="validLoginTest" time="2.426"/>
  <testcase classname="tests.SearchTest" name="testSearchProduct" time="5.822"/>
  <testcase classname="tests.SearchTest" name="testApplyFilters" time="9.684"/>
  <testcase classname="tests.SearchTest" name="testSortLowToHigh" time="1.85"/>
  <testcase classname="tests.SearchTest" name="testBlankSearch" time="3.461"/>
  <testcase classname="tests.SearchTest" name="testViewProductDetails" time="7.558"/>
  <testcase classname="tests.CartTest" name="cartAddTest" time="5.336"/>
  <testcase classname="tests.CartTest" name="modifyQuantity" time="4.868"/>
  <testcase classname="tests.CartTest" name="deleteFromCart" time="1.21"/>
  <testcase classname="tests.CartTest" name="buyProducts" time="4.818"/>
  <testcase classname="tests.CartTest" name="placeOrder" time="0.033"/>
</testsuite> <!-- LoginAndSearchTest_Chrome -->
